[2025-10-29T19:44:00.630-0700] {local_task_job_runner.py:120} INFO - ::group::Pre task execution logs
[2025-10-29T19:44:00.639-0700] {taskinstance.py:2076} INFO - Dependencies all met for dep_context=non-requeueable deps ti=<TaskInstance: governance_check.validate_policies alert_test_1761792174 [queued]>
[2025-10-29T19:44:00.641-0700] {taskinstance.py:2076} INFO - Dependencies all met for dep_context=requeueable deps ti=<TaskInstance: governance_check.validate_policies alert_test_1761792174 [queued]>
[2025-10-29T19:44:00.641-0700] {taskinstance.py:2306} INFO - Starting attempt 2 of 3
[2025-10-29T19:44:00.647-0700] {taskinstance.py:2330} INFO - Executing <Task(PythonOperator): validate_policies> on 2025-10-30 02:42:55+00:00
[2025-10-29T19:44:00.650-0700] {standard_task_runner.py:64} INFO - Started process 18989 to run task
[2025-10-29T19:44:00.654-0700] {standard_task_runner.py:90} INFO - Running: ['airflow', 'tasks', 'run', 'governance_check', 'validate_policies', 'alert_test_1761792174', '--job-id', '9', '--raw', '--subdir', 'DAGS_FOLDER/governance_check.py', '--cfg-path', '/var/folders/z8/1pxcrjv52wd_wfjg44_llz7m0000gn/T/tmpx3nz4nan']
[2025-10-29T19:44:00.655-0700] {standard_task_runner.py:91} INFO - Job 9: Subtask validate_policies
[2025-10-29T19:44:00.678-0700] {task_command.py:426} INFO - Running <TaskInstance: governance_check.validate_policies alert_test_1761792174 [running]> on host ivans-macbook-air.local
[2025-10-29T19:44:00.707-0700] {taskinstance.py:2648} INFO - Exporting env vars: AIRFLOW_CTX_DAG_OWNER='airflow' AIRFLOW_CTX_DAG_ID='governance_check' AIRFLOW_CTX_TASK_ID='validate_policies' AIRFLOW_CTX_EXECUTION_DATE='2025-10-30T02:42:55+00:00' AIRFLOW_CTX_TRY_NUMBER='2' AIRFLOW_CTX_DAG_RUN_ID='alert_test_1761792174'
[2025-10-29T19:44:00.708-0700] {taskinstance.py:430} INFO - ::endgroup::
[2025-10-29T19:44:00.711-0700] {logging_mixin.py:188} INFO - [Governance] Using: /Users/iipatino8/IIP_SECURE_STACK/phase13_orchestration/governance/policies.yaml
[2025-10-29T19:44:00.711-0700] {logging_mixin.py:188} INFO - [Governance] Policy: {'access': {'datasets': 'read', 'models': 'read', 'secrets': 'read'}, 'retention': {'artifacts_days': 30, 'logs_days': 30}, 'security': {'api_keys_required': True, 'tls_required': True}}
[2025-10-29T19:44:00.711-0700] {taskinstance.py:441} INFO - ::group::Post task execution logs
[2025-10-29T19:44:00.712-0700] {taskinstance.py:2905} ERROR - Task failed with exception
Traceback (most recent call last):
  File "/opt/miniconda3/envs/airflow_env/lib/python3.11/site-packages/airflow/models/taskinstance.py", line 465, in _execute_task
    result = _execute_callable(context=context, **execute_callable_kwargs)
             ^^^^^^^^^^^^^^^^^^^^^^^^^^^^^^^^^^^^^^^^^^^^^^^^^^^^^^^^^^^^^
  File "/opt/miniconda3/envs/airflow_env/lib/python3.11/site-packages/airflow/models/taskinstance.py", line 432, in _execute_callable
    return execute_callable(context=context, **execute_callable_kwargs)
           ^^^^^^^^^^^^^^^^^^^^^^^^^^^^^^^^^^^^^^^^^^^^^^^^^^^^^^^^^^^^
  File "/opt/miniconda3/envs/airflow_env/lib/python3.11/site-packages/airflow/models/baseoperator.py", line 401, in wrapper
    return func(self, *args, **kwargs)
           ^^^^^^^^^^^^^^^^^^^^^^^^^^^
  File "/opt/miniconda3/envs/airflow_env/lib/python3.11/site-packages/airflow/operators/python.py", line 235, in execute
    return_value = self.execute_callable()
                   ^^^^^^^^^^^^^^^^^^^^^^^
  File "/opt/miniconda3/envs/airflow_env/lib/python3.11/site-packages/airflow/operators/python.py", line 252, in execute_callable
    return self.python_callable(*self.op_args, **self.op_kwargs)
           ^^^^^^^^^^^^^^^^^^^^^^^^^^^^^^^^^^^^^^^^^^^^^^^^^^^^^
  File "/Users/iipatino8/IIP_SECURE_STACK/phase13_orchestration/dags/governance_check.py", line 19, in check_policies
    assert data["access"]["secrets"] == "deny", "Secrets access must be 'deny'."
           ^^^^^^^^^^^^^^^^^^^^^^^^^^^^^^^^^^^
AssertionError: Secrets access must be 'deny'.
[2025-10-29T19:44:00.716-0700] {taskinstance.py:1206} INFO - Marking task as UP_FOR_RETRY. dag_id=governance_check, task_id=validate_policies, run_id=alert_test_1761792174, execution_date=20251030T024255, start_date=20251030T024400, end_date=20251030T024400
[2025-10-29T19:44:00.721-0700] {standard_task_runner.py:110} ERROR - Failed to execute job 9 for task validate_policies (Secrets access must be 'deny'.; 18989)
[2025-10-29T19:44:00.748-0700] {local_task_job_runner.py:243} INFO - Task exited with return code 1
[2025-10-29T19:44:00.757-0700] {taskinstance.py:3503} INFO - 0 downstream tasks scheduled from follow-on schedule check
[2025-10-29T19:44:00.757-0700] {local_task_job_runner.py:222} INFO - ::endgroup::
