2025-10-31T08:39:41.458867Z [warning  ] No module named 'airflow.auth' [airflow.configuration] loc=configuration.py:1266
2025-10-31T08:39:41.459174Z [warning  ] cannot load CLI commands from auth manager: The object could not be loaded. Please check "auth_manager" key in "core" section. Current value: "airflow.auth.managers.simple.SimpleAuthManager". [airflow.cli.cli_parser] loc=cli_parser.py:81
2025-10-31T08:39:41.459271Z [warning  ] Auth manager is not configured and api-server will not be able to start. [airflow.cli.cli_parser] loc=cli_parser.py:82
2025-10-31T08:39:41.459355Z [error    ] The object could not be loaded. Please check "auth_manager" key in "core" section. Current value: "airflow.auth.managers.simple.SimpleAuthManager". [airflow.cli.cli_parser] loc=cli_parser.py:85
Traceback (most recent call last):
  File "/opt/miniconda3/envs/airflow_env/lib/python3.11/site-packages/airflow/configuration.py", line 1264, in getimport
    return import_string(full_qualified_path)
           ^^^^^^^^^^^^^^^^^^^^^^^^^^^^^^^^^^
  File "/opt/miniconda3/envs/airflow_env/lib/python3.11/site-packages/airflow/utils/module_loading.py", line 41, in import_string
    module = import_module(module_path)
             ^^^^^^^^^^^^^^^^^^^^^^^^^^
  File "/opt/miniconda3/envs/airflow_env/lib/python3.11/importlib/__init__.py", line 126, in import_module
    return _bootstrap._gcd_import(name[level:], package, level)
           ^^^^^^^^^^^^^^^^^^^^^^^^^^^^^^^^^^^^^^^^^^^^^^^^^^^^
  File "<frozen importlib._bootstrap>", line 1204, in _gcd_import
  File "<frozen importlib._bootstrap>", line 1176, in _find_and_load
  File "<frozen importlib._bootstrap>", line 1126, in _find_and_load_unlocked
  File "<frozen importlib._bootstrap>", line 241, in _call_with_frames_removed
  File "<frozen importlib._bootstrap>", line 1204, in _gcd_import
  File "<frozen importlib._bootstrap>", line 1176, in _find_and_load
  File "<frozen importlib._bootstrap>", line 1126, in _find_and_load_unlocked
  File "<frozen importlib._bootstrap>", line 241, in _call_with_frames_removed
  File "<frozen importlib._bootstrap>", line 1204, in _gcd_import
  File "<frozen importlib._bootstrap>", line 1176, in _find_and_load
  File "<frozen importlib._bootstrap>", line 1140, in _find_and_load_unlocked
ModuleNotFoundError: No module named 'airflow.auth'

During handling of the above exception, another exception occurred:

Traceback (most recent call last):
  File "/opt/miniconda3/envs/airflow_env/lib/python3.11/site-packages/airflow/cli/cli_parser.py", line 78, in <module>
    auth_mgr = get_auth_manager_cls()
               ^^^^^^^^^^^^^^^^^^^^^^
  File "/opt/miniconda3/envs/airflow_env/lib/python3.11/site-packages/airflow/api_fastapi/app.py", line 129, in get_auth_manager_cls
    auth_manager_cls = conf.getimport(section="core", key="auth_manager")
                       ^^^^^^^^^^^^^^^^^^^^^^^^^^^^^^^^^^^^^^^^^^^^^^^^^^
  File "/opt/miniconda3/envs/airflow_env/lib/python3.11/site-packages/airflow/configuration.py", line 1267, in getimport
    raise AirflowConfigException(
airflow.exceptions.AirflowConfigException: The object could not be loaded. Please check "auth_manager" key in "core" section. Current value: "airflow.auth.managers.simple.SimpleAuthManager".
